<?xml version="1.0" encoding="UTF-8"?>
<testsuite xmlns:xsi="http://www.w3.org/2001/XMLSchema-instance" xsi:noNamespaceSchemaLocation="https://maven.apache.org/surefire/maven-surefire-plugin/xsd/surefire-test-report.xsd" version="3.0.2" name="com.parkflow.mall.gateway.AuthGatewayControllerTests" time="2.04" tests="2" errors="0" skipped="0" failures="0">
  <properties>
[...]
</properties>
  <testcase name="loginRouteForwardsToIdentityProxy" classname="com.parkflow.mall.gateway.AuthGatewayControllerTests" time="0.786">
    <system-out><![CDATA[2026-07-12T07:22:17.235+07:00  INFO 6944 --- [api-gateway] [           main] t.c.s.AnnotationConfigContextLoaderUtils : Could not detect default configuration classes for test class [com.parkflow.mall.gateway.AuthGatewayControllerTests]: AuthGatewayControllerTests does not declare any static, non-private, non-final, nested classes annotated with @Configuration.
2026-07-12T07:22:17.281+07:00  INFO 6944 --- [api-gateway] [           main] .b.t.c.SpringBootTestContextBootstrapper : Found @SpringBootConfiguration com.parkflow.mall.gateway.ApiGatewayApplication for test class com.parkflow.mall.gateway.AuthGatewayControllerTests

  .   ____          _            __ _ _
 /\\ / ___'_ __ _ _(_)_ __  __ _ \ \ \ \
( ( )\___ | '_ | '_| | '_ \/ _` | \ \ \ \
 \\/  ___)| |_)| | | | | || (_| |  ) ) ) )
  '  |____| .__|_| |_|_| |_\__, | / / / /
 =========|_|==============|___/=/_/_/_/

 :: Spring Boot ::                (v3.4.2)

2026-07-12T07:22:17.340+07:00  INFO 6944 --- [api-gateway] [           main] c.p.m.g.AuthGatewayControllerTests       : Starting AuthGatewayControllerTests using Java 21.0.8 with PID 6944 (started by PHAN DOAN THE QUAN in E:\PROJECT_QUAN\MANAGE_PARKING_PROJECT_2026\Parking-Backend\services\api-gateway)
2026-07-12T07:22:17.341+07:00  INFO 6944 --- [api-gateway] [           main] c.p.m.g.AuthGatewayControllerTests       : No active profile set, falling back to 1 default profile: "default"
2026-07-12T07:22:18.327+07:00  INFO 6944 --- [api-gateway] [           main] o.s.b.t.m.w.SpringBootMockServletContext : Initializing Spring TestDispatcherServlet ''
2026-07-12T07:22:18.328+07:00  INFO 6944 --- [api-gateway] [           main] o.s.t.web.servlet.TestDispatcherServlet  : Initializing Servlet ''
2026-07-12T07:22:18.338+07:00  INFO 6944 --- [api-gateway] [           main] o.s.t.web.servlet.TestDispatcherServlet  : Completed initialization in 3 ms
2026-07-12T07:22:18.388+07:00  INFO 6944 --- [api-gateway] [           main] c.p.m.g.AuthGatewayControllerTests       : Started AuthGatewayControllerTests in 1.099 seconds (process running for 6.62)
]]></system-out>
  </testcase>
  <testcase name="meRouteForwardsAuthorizationHeader" classname="com.parkflow.mall.gateway.AuthGatewayControllerTests" time="0.049"/>
</testsuite>