<?xml version="1.0" encoding="UTF-8"?>
<testsuite xmlns:xsi="http://www.w3.org/2001/XMLSchema-instance" xsi:noNamespaceSchemaLocation="https://maven.apache.org/surefire/maven-surefire-plugin/xsd/surefire-test-report.xsd" version="3.0.2" name="com.parkflow.mall.reservation.ReservationWorkflowTests" time="1.983" tests="5" errors="0" skipped="0" failures="0">
  <properties>
[...]
</properties>
  <testcase name="createLookupCancelAndOneActivePlateRulesWork" classname="com.parkflow.mall.reservation.ReservationWorkflowTests" time="0.552">
    <system-out><![CDATA[2026-07-12T11:51:27.589+07:00  INFO 25648 --- [reservation-service] [           main] t.c.s.AnnotationConfigContextLoaderUtils : Could not detect default configuration classes for test class [com.parkflow.mall.reservation.ReservationWorkflowTests]: ReservationWorkflowTests does not declare any static, non-private, non-final, nested classes annotated with @Configuration.
2026-07-12T11:51:27.610+07:00  INFO 25648 --- [reservation-service] [           main] .b.t.c.SpringBootTestContextBootstrapper : Found @SpringBootConfiguration com.parkflow.mall.reservation.ReservationServiceApplication for test class com.parkflow.mall.reservation.ReservationWorkflowTests

  .   ____          _            __ _ _
 /\\ / ___'_ __ _ _(_)_ __  __ _ \ \ \ \
( ( )\___ | '_ | '_| | '_ \/ _` | \ \ \ \
 \\/  ___)| |_)| | | | | || (_| |  ) ) ) )
  '  |____| .__|_| |_|_| |_\__, | / / / /
 =========|_|==============|___/=/_/_/_/

 :: Spring Boot ::                (v3.4.2)

2026-07-12T11:51:27.666+07:00  INFO 25648 --- [reservation-service] [           main] c.p.m.r.ReservationWorkflowTests         : Starting ReservationWorkflowTests using Java 21.0.8 with PID 25648 (started by PHAN DOAN THE QUAN in E:\PROJECT_QUAN\MANAGE_PARKING_PROJECT_2026\Parking-Backend\services\reservation-service)
2026-07-12T11:51:27.667+07:00  INFO 25648 --- [reservation-service] [           main] c.p.m.r.ReservationWorkflowTests         : No active profile set, falling back to 1 default profile: "default"
2026-07-12T11:51:28.134+07:00  WARN 25648 --- [reservation-service] [           main] .s.s.UserDetailsServiceAutoConfiguration : 

Using generated security password: 787bf628-6355-465c-b306-1916c58c9d6b

This generated password is for development use only. Your security configuration must be updated before running your application in production.

2026-07-12T11:51:28.135+07:00  INFO 25648 --- [reservation-service] [           main] r$InitializeUserDetailsManagerConfigurer : Global AuthenticationManager configured with UserDetailsService bean with name inMemoryUserDetailsManager
2026-07-12T11:51:28.257+07:00  INFO 25648 --- [reservation-service] [           main] o.s.b.a.e.web.EndpointLinksResolver      : Exposing 2 endpoints beneath base path '/actuator'
2026-07-12T11:51:28.574+07:00  INFO 25648 --- [reservation-service] [           main] o.s.b.t.m.w.SpringBootMockServletContext : Initializing Spring TestDispatcherServlet ''
2026-07-12T11:51:28.576+07:00  INFO 25648 --- [reservation-service] [           main] o.s.t.web.servlet.TestDispatcherServlet  : Initializing Servlet ''
2026-07-12T11:51:28.587+07:00  INFO 25648 --- [reservation-service] [           main] o.s.t.web.servlet.TestDispatcherServlet  : Completed initialization in 9 ms
2026-07-12T11:51:28.647+07:00  INFO 25648 --- [reservation-service] [           main] c.p.m.r.ReservationWorkflowTests         : Started ReservationWorkflowTests in 1.026 seconds (process running for 8.784)
]]></system-out>
  </testcase>
  <testcase name="validationCapacityAndUnknownCodeAreSafe" classname="com.parkflow.mall.reservation.ReservationWorkflowTests" time="0.039"/>
  <testcase name="listAndExpireRequireStaffOrAdmin" classname="com.parkflow.mall.reservation.ReservationWorkflowTests" time="0.242"/>
  <testcase name="internalConsumeProtectsAndValidatesLifecycle" classname="com.parkflow.mall.reservation.ReservationWorkflowTests" time="0.051"/>
  <testcase name="consumeRejectsMismatchAndCancelledReservation" classname="com.parkflow.mall.reservation.ReservationWorkflowTests" time="0.025"/>
</testsuite>